{
  "stats": {
    "suites": 1,
    "tests": 1,
    "passes": 1,
    "pending": 0,
    "failures": 0,
    "start": "2021-09-29T12:43:36.624Z",
    "end": "2021-09-29T12:43:56.809Z",
    "duration": 20185,
    "testsRegistered": 1,
    "passPercent": 100,
    "pendingPercent": 0,
    "other": 0,
    "hasOther": false,
    "skipped": 0,
    "hasSkipped": false
  },
  "results": [
    {
      "uuid": "b1d2ed15-bc8a-4b6c-9ef3-65f0ed4c1ec1",
      "title": "",
      "fullFile": "cypress/integration/VerifySuggestion.spec.js",
      "file": "cypress/integration/VerifySuggestion.spec.js",
      "beforeHooks": [],
      "afterHooks": [],
      "tests": [],
      "suites": [
        {
          "uuid": "a6965f87-c379-4986-881a-3119824776e7",
          "title": "Sign In",
          "fullFile": "",
          "file": "",
          "beforeHooks": [],
          "afterHooks": [],
          "tests": [
            {
              "title": "Testcase ID C1 - Verify displaying of search result",
              "fullTitle": "Sign In Testcase ID C1 - Verify displaying of search result",
              "timedOut": null,
              "duration": 20070,
              "state": "passed",
              "speed": "slow",
              "pass": true,
              "fail": false,
              "pending": false,
              "context": null,
              "code": "(0, _searchControl.searchAndVerify)(_inputData.searchInput.keyword, _inputData.searchInput.cityName);",
              "err": {},
              "uuid": "4bc87464-e4f4-4b56-b7f3-0eb623f7d10f",
              "parentUUID": "a6965f87-c379-4986-881a-3119824776e7",
              "isHook": false,
              "skipped": false
            }
          ],
          "suites": [],
          "passes": [
            "4bc87464-e4f4-4b56-b7f3-0eb623f7d10f"
          ],
          "failures": [],
          "pending": [],
          "skipped": [],
          "duration": 20070,
          "root": false,
          "rootEmpty": false,
          "_timeout": 2000
        }
      ],
      "passes": [],
      "failures": [],
      "pending": [],
      "skipped": [],
      "duration": 0,
      "root": true,
      "rootEmpty": true,
      "_timeout": 2000
    }
  ],
  "meta": {
    "mocha": {
      "version": "7.0.1"
    },
    "mochawesome": {
      "options": {
        "quiet": false,
        "reportFilename": "mochawesomeReport.json",
        "saveHtml": false,
        "saveJson": true,
        "consoleReporter": "spec",
        "useInlineDiffs": false,
        "code": true
      },
      "version": "6.2.2"
    },
    "marge": {
      "options": {
        "id": "default",
        "reportDir": "cypress/results",
        "reportFilename": "mochawesomeReport.json",
        "quite": true,
        "overwrite": false,
        "html": false,
        "json": true
      },
      "version": "5.2.0"
    }
  }
}