{
  "stats": {
    "suites": 1,
    "tests": 1,
    "passes": 1,
    "pending": 0,
    "failures": 0,
    "start": "2021-09-30T09:05:31.365Z",
    "end": "2021-09-30T09:05:43.425Z",
    "duration": 12060,
    "testsRegistered": 1,
    "passPercent": 100,
    "pendingPercent": 0,
    "other": 0,
    "hasOther": false,
    "skipped": 0,
    "hasSkipped": false
  },
  "results": [
    {
      "uuid": "57f20a36-ac87-48bf-8571-3521ca13a0e6",
      "title": "",
      "fullFile": "cypress/integration/VerifySuggestion.spec.js",
      "file": "cypress/integration/VerifySuggestion.spec.js",
      "beforeHooks": [],
      "afterHooks": [],
      "tests": [],
      "suites": [
        {
          "uuid": "8b1a9c2f-c359-48f2-8320-aca398000717",
          "title": "Verify displaying of suggestion",
          "fullFile": "",
          "file": "",
          "beforeHooks": [],
          "afterHooks": [],
          "tests": [
            {
              "title": "Verify displaying of suggestion",
              "fullTitle": "Verify displaying of suggestion Verify displaying of suggestion",
              "timedOut": null,
              "duration": 12034,
              "state": "passed",
              "speed": "slow",
              "pass": true,
              "fail": false,
              "pending": false,
              "context": null,
              "code": "// this test case is just demonstration for APIs stub and for multi threads\n(0, _searchControl.searchAndVerifyDisplayingOfSuggestion)(_inputData.searchInput.keyword2);",
              "err": {},
              "uuid": "484019ee-ad98-4ad9-a190-8f008c64c340",
              "parentUUID": "8b1a9c2f-c359-48f2-8320-aca398000717",
              "isHook": false,
              "skipped": false
            }
          ],
          "suites": [],
          "passes": [
            "484019ee-ad98-4ad9-a190-8f008c64c340"
          ],
          "failures": [],
          "pending": [],
          "skipped": [],
          "duration": 12034,
          "root": false,
          "rootEmpty": false,
          "_timeout": 2000
        }
      ],
      "passes": [],
      "failures": [],
      "pending": [],
      "skipped": [],
      "duration": 0,
      "root": true,
      "rootEmpty": true,
      "_timeout": 2000
    }
  ],
  "meta": {
    "mocha": {
      "version": "7.0.1"
    },
    "mochawesome": {
      "options": {
        "quiet": false,
        "reportFilename": "mochawesomeReport.json",
        "saveHtml": false,
        "saveJson": true,
        "consoleReporter": "spec",
        "useInlineDiffs": false,
        "code": true
      },
      "version": "6.2.2"
    },
    "marge": {
      "options": {
        "id": "default",
        "reportDir": "cypress/results",
        "reportFilename": "mochawesomeReport.json",
        "quite": true,
        "overwrite": false,
        "html": false,
        "json": true
      },
      "version": "5.2.0"
    }
  }
}