{
  "stats": {
    "suites": 1,
    "tests": 1,
    "passes": 0,
    "pending": 0,
    "failures": 1,
    "start": "2021-09-29T12:27:18.883Z",
    "end": "2021-09-29T12:30:56.184Z",
    "duration": 217301,
    "testsRegistered": 1,
    "passPercent": 0,
    "pendingPercent": 0,
    "other": 0,
    "hasOther": false,
    "skipped": 0,
    "hasSkipped": false
  },
  "results": [
    {
      "uuid": "151bda52-8130-4d5c-9723-33a518a3ebf2",
      "title": "",
      "fullFile": "cypress/integration/VerifySearchResult.spec.js",
      "file": "cypress/integration/VerifySearchResult.spec.js",
      "beforeHooks": [],
      "afterHooks": [],
      "tests": [],
      "suites": [
        {
          "uuid": "66a9e769-4eb8-4e65-a43f-1bc14e965a3a",
          "title": "Sign In",
          "fullFile": "",
          "file": "",
          "beforeHooks": [],
          "afterHooks": [],
          "tests": [
            {
              "title": "Verify displaying of search result [1]",
              "fullTitle": "Sign In Verify displaying of search result [1]",
              "timedOut": null,
              "duration": 217218,
              "state": "failed",
              "speed": null,
              "pass": false,
              "fail": true,
              "pending": false,
              "context": "{\n  \"title\": \"cypress-mochawesome-reporter-screenshots\",\n  \"value\": [\n    [\n      {\n        \"title\": \"Failed screenshot\",\n        \"value\": \"/VerifySearchResult.spec.js/Sign In -- Verify displaying of search result [1] (failed).png\"\n      }\n    ]\n  ]\n}",
              "code": "(0, _searchControl.searchAndVerify)(_inputData.searchInput.keyword);",
              "err": {
                "message": "CypressError: Timed out retrying after 200000ms: `cy.wait()` timed out waiting `200000ms` for the 2nd request to the route: `find`. No request ever occurred.\n\nhttps://on.cypress.io/wait",
                "estack": "CypressError: Timed out retrying after 200000ms: `cy.wait()` timed out waiting `200000ms` for the 2nd request to the route: `find`. No request ever occurred.\n\nhttps://on.cypress.io/wait\n    at cypressErr (https://openweathermap.org/__cypress/runner/cypress_runner.js:172666:18)\n    at Object.errByPath (https://openweathermap.org/__cypress/runner/cypress_runner.js:172735:10)\n    at checkForXhr (https://openweathermap.org/__cypress/runner/cypress_runner.js:159192:92)\n    at https://openweathermap.org/__cypress/runner/cypress_runner.js:159215:28\n    at tryCatcher (https://openweathermap.org/__cypress/runner/cypress_runner.js:13212:23)\n    at Function.Promise.attempt.Promise.try (https://openweathermap.org/__cypress/runner/cypress_runner.js:10486:29)\n    at tryFn (https://openweathermap.org/__cypress/runner/cypress_runner.js:165329:61)\n    at whenStable (https://openweathermap.org/__cypress/runner/cypress_runner.js:165368:14)\n    at https://openweathermap.org/__cypress/runner/cypress_runner.js:164855:18\n    at tryCatcher (https://openweathermap.org/__cypress/runner/cypress_runner.js:13212:23)\n    at Promise._settlePromiseFromHandler (https://openweathermap.org/__cypress/runner/cypress_runner.js:11147:31)\n    at Promise._settlePromise (https://openweathermap.org/__cypress/runner/cypress_runner.js:11204:18)\n    at Promise._settlePromise0 (https://openweathermap.org/__cypress/runner/cypress_runner.js:11249:10)\n    at Promise._settlePromises (https://openweathermap.org/__cypress/runner/cypress_runner.js:11329:18)\n    at Promise._fulfill (https://openweathermap.org/__cypress/runner/cypress_runner.js:11273:18)\n    at https://openweathermap.org/__cypress/runner/cypress_runner.js:12887:46\nFrom Your Spec Code:\n    at searchAndVerify (https://openweathermap.org/__cypress/tests?p=cypress/integration/VerifySearchResult.spec.js:149:6)\n    at Context.eval (https://openweathermap.org/__cypress/tests?p=cypress/integration/VerifySearchResult.spec.js:253:40)",
                "diff": null
              },
              "uuid": "0b16f842-97ae-4a0a-bad7-850d50ce3f3f",
              "parentUUID": "66a9e769-4eb8-4e65-a43f-1bc14e965a3a",
              "isHook": false,
              "skipped": false
            }
          ],
          "suites": [],
          "passes": [],
          "failures": [
            "0b16f842-97ae-4a0a-bad7-850d50ce3f3f"
          ],
          "pending": [],
          "skipped": [],
          "duration": 217218,
          "root": false,
          "rootEmpty": false,
          "_timeout": 2000
        }
      ],
      "passes": [],
      "failures": [],
      "pending": [],
      "skipped": [],
      "duration": 0,
      "root": true,
      "rootEmpty": true,
      "_timeout": 2000
    }
  ],
  "meta": {
    "mocha": {
      "version": "7.0.1"
    },
    "mochawesome": {
      "options": {
        "quiet": false,
        "reportFilename": "mochawesomeReport.json",
        "saveHtml": false,
        "saveJson": true,
        "consoleReporter": "spec",
        "useInlineDiffs": false,
        "code": true
      },
      "version": "6.2.2"
    },
    "marge": {
      "options": {
        "id": "default",
        "reportDir": "cypress/results",
        "reportFilename": "mochawesomeReport.json",
        "quite": true,
        "overwrite": false,
        "html": false,
        "json": true
      },
      "version": "5.2.0"
    }
  }
}