{
  "stats": {
    "suites": 1,
    "tests": 1,
    "passes": 1,
    "pending": 0,
    "failures": 0,
    "start": "2021-09-30T09:04:48.526Z",
    "end": "2021-09-30T09:05:02.752Z",
    "duration": 14226,
    "testsRegistered": 1,
    "passPercent": 100,
    "pendingPercent": 0,
    "other": 0,
    "hasOther": false,
    "skipped": 0,
    "hasSkipped": false
  },
  "results": [
    {
      "uuid": "001e2501-3bd5-4623-bafb-43a45d1cd271",
      "title": "",
      "fullFile": "cypress/integration/VerifySearchResult.spec.js",
      "file": "cypress/integration/VerifySearchResult.spec.js",
      "beforeHooks": [],
      "afterHooks": [],
      "tests": [],
      "suites": [
        {
          "uuid": "5eee85ba-d98b-4271-9e7b-8e03546b7203",
          "title": "Verify search result",
          "fullFile": "",
          "file": "",
          "beforeHooks": [],
          "afterHooks": [],
          "tests": [
            {
              "title": "[1-1] Verify displaying of search result",
              "fullTitle": "Verify search result [1-1] Verify displaying of search result",
              "timedOut": null,
              "duration": 12734,
              "state": "passed",
              "speed": "slow",
              "pass": true,
              "fail": false,
              "pending": false,
              "context": null,
              "code": "result.testID = \"1\";\nresult.status = \"failed\";\n(0, _searchControl.searchAndVerify)(_inputData.searchInput.keyword);\nresult.status = \"passed\";\nresult.message = \"\";",
              "err": {},
              "uuid": "48bfc450-93f4-4001-a6b9-b3cc4eda835f",
              "parentUUID": "5eee85ba-d98b-4271-9e7b-8e03546b7203",
              "isHook": false,
              "skipped": false
            }
          ],
          "suites": [],
          "passes": [
            "48bfc450-93f4-4001-a6b9-b3cc4eda835f"
          ],
          "failures": [],
          "pending": [],
          "skipped": [],
          "duration": 12734,
          "root": false,
          "rootEmpty": false,
          "_timeout": 2000
        }
      ],
      "passes": [],
      "failures": [],
      "pending": [],
      "skipped": [],
      "duration": 0,
      "root": true,
      "rootEmpty": true,
      "_timeout": 2000
    }
  ],
  "meta": {
    "mocha": {
      "version": "7.0.1"
    },
    "mochawesome": {
      "options": {
        "quiet": false,
        "reportFilename": "mochawesomeReport.json",
        "saveHtml": false,
        "saveJson": true,
        "consoleReporter": "spec",
        "useInlineDiffs": false,
        "code": true
      },
      "version": "6.2.2"
    },
    "marge": {
      "options": {
        "id": "default",
        "reportDir": "cypress/results",
        "reportFilename": "mochawesomeReport.json",
        "quite": true,
        "overwrite": false,
        "html": false,
        "json": true
      },
      "version": "5.2.0"
    }
  }
}